build/app/intermediates/manifest_merge_blame_file/debug/manifest-merger-blame-debug-report.txt
1<?xml version="1.0" encoding="utf-8"?>
2<manifest xmlns:android="http://schemas.android.com/apk/res/android"
3    package="com.uct.ebd"
4    android:versionCode="2"
5    android:versionName="2.0.0" >
6
7    <uses-sdk
8        android:minSdkVersion="21"
9        android:targetSdkVersion="33" />
10    <!--
11         The INTERNET permission is required for development. Specifically,
12         the Flutter tool needs it to communicate with the running application
13         to allow setting breakpoints, to provide hot reload, etc.
14    -->
15    <uses-permission android:name="android.permission.INTERNET" />
15-->src\main\AndroidManifest.xml:3:5-66
15-->src\main\AndroidManifest.xml:3:22-64
16    <uses-permission android:name="android.permission.ACCESS_FINE_LOCATION" />
16-->src\main\AndroidManifest.xml:4:5-78
16-->src\main\AndroidManifest.xml:4:22-76
17    <uses-permission android:name="android.permission.ACCESS_COARSE_LOCATION" />
17-->src\main\AndroidManifest.xml:5:5-80
17-->src\main\AndroidManifest.xml:5:22-78
18    <uses-permission android:name="android.permission.ACCESS_NETWORK_STATE" />
18-->src\main\AndroidManifest.xml:6:5-79
18-->src\main\AndroidManifest.xml:6:22-76
19    <uses-permission android:name="android.permission.VIBRATE" />
19-->src\main\AndroidManifest.xml:7:5-65
19-->src\main\AndroidManifest.xml:7:22-63
20    <uses-permission android:name="android.permission.READ_MEDIA_IMAGES" />
20-->src\main\AndroidManifest.xml:8:5-75
20-->src\main\AndroidManifest.xml:8:22-73
21    <uses-permission android:name="android.permission.READ_MEDIA_VIDEO" />
21-->src\main\AndroidManifest.xml:9:5-74
21-->src\main\AndroidManifest.xml:9:22-72
22    <uses-permission android:name="android.permission.MANAGE_EXTERNAL_STORAGE" />
22-->src\main\AndroidManifest.xml:10:5-82
22-->src\main\AndroidManifest.xml:10:22-79
23    <uses-permission android:name="android.permission.READ_EXTERNAL_STORAGE" />
23-->src\main\AndroidManifest.xml:11:5-80
23-->src\main\AndroidManifest.xml:11:22-77
24    <uses-permission android:name="android.permission.WRITE_EXTERNAL_STORAGE" /> <!-- <uses-permission android:name="android.permission.QUERY_ALL_PACKAGES" /> -->
24-->src\main\AndroidManifest.xml:12:5-81
24-->src\main\AndroidManifest.xml:12:22-78
25    <queries>
25-->src\main\AndroidManifest.xml:14:5-27:15
26        <intent>
26-->src\main\AndroidManifest.xml:15:9-18:18
27            <action android:name="android.intent.action.VIEW" />
27-->src\main\AndroidManifest.xml:16:13-65
27-->src\main\AndroidManifest.xml:16:21-62
28
29            <data android:scheme="https" />
29-->src\main\AndroidManifest.xml:17:13-44
29-->src\main\AndroidManifest.xml:17:19-41
30        </intent>
31        <intent>
31-->src\main\AndroidManifest.xml:19:9-22:18
32            <action android:name="android.intent.action.DIAL" />
32-->src\main\AndroidManifest.xml:20:13-65
32-->src\main\AndroidManifest.xml:20:21-62
33
34            <data android:scheme="tel" />
34-->src\main\AndroidManifest.xml:17:13-44
34-->src\main\AndroidManifest.xml:17:19-41
35        </intent>
36        <intent>
36-->src\main\AndroidManifest.xml:23:9-26:18
37            <action android:name="android.intent.action.SEND" />
37-->src\main\AndroidManifest.xml:24:13-65
37-->src\main\AndroidManifest.xml:24:21-62
38
39            <data android:mimeType="*/*" />
39-->src\main\AndroidManifest.xml:17:13-44
40        </intent>
41        <intent>
41-->[:file_picker] AndroidManifest.xml:12:9-16:18
42            <action android:name="android.intent.action.GET_CONTENT" />
42-->[:file_picker] AndroidManifest.xml:13:13-72
42-->[:file_picker] AndroidManifest.xml:13:21-69
43
44            <data android:mimeType="*/*" />
44-->src\main\AndroidManifest.xml:17:13-44
45        </intent>
46
47        <package android:name="com.google.android.apps.maps" />
47-->[:map_launcher] AndroidManifest.xml:10:9-64
47-->[:map_launcher] AndroidManifest.xml:10:18-61
48        <package android:name="com.google.android.apps.mapslite" />
48-->[:map_launcher] AndroidManifest.xml:11:9-68
48-->[:map_launcher] AndroidManifest.xml:11:18-65
49        <package android:name="com.autonavi.minimap" />
49-->[:map_launcher] AndroidManifest.xml:12:9-56
49-->[:map_launcher] AndroidManifest.xml:12:18-53
50        <package android:name="com.baidu.BaiduMap" />
50-->[:map_launcher] AndroidManifest.xml:13:9-54
50-->[:map_launcher] AndroidManifest.xml:13:18-51
51        <package android:name="com.waze" />
51-->[:map_launcher] AndroidManifest.xml:14:9-44
51-->[:map_launcher] AndroidManifest.xml:14:18-41
52        <package android:name="ru.yandex.yandexnavi" />
52-->[:map_launcher] AndroidManifest.xml:15:9-56
52-->[:map_launcher] AndroidManifest.xml:15:18-53
53        <package android:name="ru.yandex.yandexmaps" />
53-->[:map_launcher] AndroidManifest.xml:16:9-56
53-->[:map_launcher] AndroidManifest.xml:16:18-53
54        <package android:name="com.citymapper.app.release" />
54-->[:map_launcher] AndroidManifest.xml:17:9-62
54-->[:map_launcher] AndroidManifest.xml:17:18-59
55        <package android:name="com.mapswithme.maps.pro" />
55-->[:map_launcher] AndroidManifest.xml:18:9-59
55-->[:map_launcher] AndroidManifest.xml:18:18-56
56        <package android:name="net.osmand" />
56-->[:map_launcher] AndroidManifest.xml:19:9-46
56-->[:map_launcher] AndroidManifest.xml:19:18-43
57        <package android:name="net.osmand.plus" />
57-->[:map_launcher] AndroidManifest.xml:20:9-51
57-->[:map_launcher] AndroidManifest.xml:20:18-48
58        <package android:name="ru.dublgis.dgismobile" />
58-->[:map_launcher] AndroidManifest.xml:21:9-57
58-->[:map_launcher] AndroidManifest.xml:21:18-54
59        <package android:name="com.tencent.map" />
59-->[:map_launcher] AndroidManifest.xml:22:9-51
59-->[:map_launcher] AndroidManifest.xml:22:18-48
60        <package android:name="com.here.app.maps" />
60-->[:map_launcher] AndroidManifest.xml:23:9-53
60-->[:map_launcher] AndroidManifest.xml:23:18-50
61        <package android:name="com.huawei.maps.app" />
61-->[:map_launcher] AndroidManifest.xml:24:9-55
61-->[:map_launcher] AndroidManifest.xml:24:18-52
62        <package android:name="com.facebook.katana" />
62-->[com.facebook.android:facebook-common:16.3.0] AndroidManifest.xml:18:9-55
62-->[com.facebook.android:facebook-common:16.3.0] AndroidManifest.xml:18:18-52
63    </queries>
64
65    <uses-permission android:name="android.permission.WAKE_LOCK" /> <!-- Permissions options for the `notification` group -->
65-->[:firebase_messaging] AndroidManifest.xml:10:5-68
65-->[:firebase_messaging] AndroidManifest.xml:10:22-65
66    <uses-permission android:name="android.permission.POST_NOTIFICATIONS" />
66-->[:firebase_messaging] AndroidManifest.xml:13:5-77
66-->[:firebase_messaging] AndroidManifest.xml:13:22-74
67    <uses-permission android:name="android.permission.ACCESS_WIFI_STATE" />
67-->[:network_info_plus] AndroidManifest.xml:10:5-76
67-->[:network_info_plus] AndroidManifest.xml:10:22-73
68
69    <uses-feature
69-->[com.google.android.gms:play-services-maps:18.1.0] AndroidManifest.xml:26:5-28:35
70        android:glEsVersion="0x00020000"
70-->[com.google.android.gms:play-services-maps:18.1.0] AndroidManifest.xml:27:9-41
71        android:required="true" /> <!-- Required by older versions of Google Play services to create IID tokens -->
71-->[com.google.android.gms:play-services-maps:18.1.0] AndroidManifest.xml:28:9-32
72    <uses-permission android:name="com.google.android.c2dm.permission.RECEIVE" />
72-->[com.google.firebase:firebase-messaging:23.1.2] AndroidManifest.xml:28:5-82
72-->[com.google.firebase:firebase-messaging:23.1.2] AndroidManifest.xml:28:22-79
73    <uses-permission android:name="com.google.android.gms.permission.AD_ID" />
73-->[com.google.android.gms:play-services-measurement-api:21.2.2] AndroidManifest.xml:25:5-79
73-->[com.google.android.gms:play-services-measurement-api:21.2.2] AndroidManifest.xml:25:22-76
74    <uses-permission android:name="com.google.android.finsky.permission.BIND_GET_INSTALL_REFERRER_SERVICE" />
74-->[com.google.android.gms:play-services-measurement:21.2.2] AndroidManifest.xml:26:5-110
74-->[com.google.android.gms:play-services-measurement:21.2.2] AndroidManifest.xml:26:22-107
75
76    <permission
76-->[androidx.core:core:1.10.1] AndroidManifest.xml:22:5-24:47
77        android:name="com.uct.ebd.DYNAMIC_RECEIVER_NOT_EXPORTED_PERMISSION"
77-->[androidx.core:core:1.10.1] AndroidManifest.xml:23:9-81
78        android:protectionLevel="signature" />
78-->[androidx.core:core:1.10.1] AndroidManifest.xml:24:9-44
79
80    <uses-permission android:name="com.uct.ebd.DYNAMIC_RECEIVER_NOT_EXPORTED_PERMISSION" />
80-->[androidx.core:core:1.10.1] AndroidManifest.xml:26:5-97
80-->[androidx.core:core:1.10.1] AndroidManifest.xml:26:22-94
81
82    <application
83        android:name="android.app.Application"
84        android:appComponentFactory="androidx.core.app.CoreComponentFactory"
84-->[androidx.core:core:1.10.1] AndroidManifest.xml:28:18-86
85        android:debuggable="true"
86        android:icon="@mipmap/ic_launcher"
87        android:label="Emirates BD"
88        android:supportsRtl="true" >
88-->[com.facebook.android:facebook-android-sdk:16.3.0] AndroidManifest.xml:16:18-44
89        <meta-data
90            android:name="com.google.android.geo.API_KEY"
91            android:value="AIzaSyCNiQYsSAw-c1iOaEt5zF8ym2X8xWWc0iI" />
92        <meta-data
93            android:name="com.google.firebase.messaging.default_notification_icon"
94            android:resource="@mipmap/ic_notification" />
95
96        <activity
97            android:name="com.uct.ebd.MainActivity"
98            android:configChanges="orientation|keyboardHidden|keyboard|screenSize|smallestScreenSize|locale|layoutDirection|fontScale|screenLayout|density|uiMode"
99            android:exported="true"
100            android:hardwareAccelerated="true"
101            android:launchMode="singleTop"
102            android:theme="@style/LaunchTheme"
103            android:windowSoftInputMode="adjustResize" >
104
105            <!--
106                 Specifies an Android theme to apply to this Activity as soon as
107                 the Android process has started. This theme is visible to the user
108                 while the Flutter UI initializes. After that, this theme continues
109                 to determine the Window background behind the Flutter UI.
110            -->
111            <meta-data
112                android:name="io.flutter.embedding.android.NormalTheme"
113                android:resource="@style/NormalTheme" />
114
115            <intent-filter>
116                <action android:name="android.intent.action.MAIN" />
117
118                <category android:name="android.intent.category.LAUNCHER" />
119            </intent-filter>
120        </activity>
121        <!--
122             Don't delete the meta-data below.
123             This is used by the Flutter tool to generate GeneratedPluginRegistrant.java
124        -->
125        <meta-data
126            android:name="flutterEmbedding"
127            android:value="2" />
128        <meta-data
129            android:name="com.facebook.sdk.ApplicationId"
130            android:value="@string/facebook_app_id" />
131        <meta-data
132            android:name="com.facebook.sdk.ClientToken"
133            android:value="@string/facebook_client_token" />
134
135        <activity
136            android:name="com.facebook.FacebookActivity"
137            android:configChanges="keyboard|keyboardHidden|screenLayout|screenSize|orientation"
138            android:label="@string/app_name"
139            android:theme="@style/com_facebook_activity_theme" />
139-->[com.facebook.android:facebook-common:16.3.0] AndroidManifest.xml:25:13-63
140        <activity
141            android:name="com.yalantis.ucrop.UCropActivity"
142            android:screenOrientation="portrait"
143            android:theme="@style/Theme.AppCompat.Light.NoActionBar" />
144        <activity
145            android:name="com.facebook.CustomTabActivity"
146            android:exported="true" >
147            <intent-filter>
148                <action android:name="android.intent.action.VIEW" />
148-->src\main\AndroidManifest.xml:16:13-65
148-->src\main\AndroidManifest.xml:16:21-62
149
150                <category android:name="android.intent.category.DEFAULT" />
150-->[com.google.firebase:firebase-auth:22.0.0] AndroidManifest.xml:38:17-76
150-->[com.google.firebase:firebase-auth:22.0.0] AndroidManifest.xml:38:27-73
151                <category android:name="android.intent.category.BROWSABLE" />
151-->[com.google.firebase:firebase-auth:22.0.0] AndroidManifest.xml:39:17-78
151-->[com.google.firebase:firebase-auth:22.0.0] AndroidManifest.xml:39:27-75
152
153                <data android:scheme="@string/fb_login_protocol_scheme" />
153-->src\main\AndroidManifest.xml:17:13-44
153-->src\main\AndroidManifest.xml:17:19-41
154            </intent-filter>
155            <intent-filter>
155-->[com.facebook.android:facebook-common:16.3.0] AndroidManifest.xml:31:13-40:29
156                <action android:name="android.intent.action.VIEW" />
156-->src\main\AndroidManifest.xml:16:13-65
156-->src\main\AndroidManifest.xml:16:21-62
157
158                <category android:name="android.intent.category.DEFAULT" />
158-->[com.google.firebase:firebase-auth:22.0.0] AndroidManifest.xml:38:17-76
158-->[com.google.firebase:firebase-auth:22.0.0] AndroidManifest.xml:38:27-73
159                <category android:name="android.intent.category.BROWSABLE" />
159-->[com.google.firebase:firebase-auth:22.0.0] AndroidManifest.xml:39:17-78
159-->[com.google.firebase:firebase-auth:22.0.0] AndroidManifest.xml:39:27-75
160
161                <data
161-->src\main\AndroidManifest.xml:17:13-44
162                    android:host="cct.com.uct.ebd"
163                    android:scheme="fbconnect" />
163-->src\main\AndroidManifest.xml:17:19-41
164            </intent-filter>
165        </activity>
166
167        <service
167-->[:firebase_messaging] AndroidManifest.xml:16:9-19:72
168            android:name="io.flutter.plugins.firebase.messaging.FlutterFirebaseMessagingBackgroundService"
168-->[:firebase_messaging] AndroidManifest.xml:17:13-107
169            android:exported="false"
169-->[:firebase_messaging] AndroidManifest.xml:18:13-37
170            android:permission="android.permission.BIND_JOB_SERVICE" />
170-->[:firebase_messaging] AndroidManifest.xml:19:13-69
171        <service
171-->[:firebase_messaging] AndroidManifest.xml:20:9-26:19
172            android:name="io.flutter.plugins.firebase.messaging.FlutterFirebaseMessagingService"
172-->[:firebase_messaging] AndroidManifest.xml:21:13-97
173            android:exported="false" >
173-->[:firebase_messaging] AndroidManifest.xml:22:13-37
174            <intent-filter>
174-->[:firebase_messaging] AndroidManifest.xml:23:13-25:29
175                <action android:name="com.google.firebase.MESSAGING_EVENT" />
175-->[:firebase_messaging] AndroidManifest.xml:24:17-78
175-->[:firebase_messaging] AndroidManifest.xml:24:25-75
176            </intent-filter>
177        </service>
178
179        <receiver
179-->[:firebase_messaging] AndroidManifest.xml:28:9-35:20
180            android:name="io.flutter.plugins.firebase.messaging.FlutterFirebaseMessagingReceiver"
180-->[:firebase_messaging] AndroidManifest.xml:29:13-98
181            android:exported="true"
181-->[:firebase_messaging] AndroidManifest.xml:30:13-36
182            android:permission="com.google.android.c2dm.permission.SEND" >
182-->[:firebase_messaging] AndroidManifest.xml:31:13-73
183            <intent-filter>
183-->[:firebase_messaging] AndroidManifest.xml:32:13-34:29
184                <action android:name="com.google.android.c2dm.intent.RECEIVE" />
184-->[:firebase_messaging] AndroidManifest.xml:33:17-81
184-->[:firebase_messaging] AndroidManifest.xml:33:25-78
185            </intent-filter>
186        </receiver>
187
188        <service
188-->[:firebase_messaging] AndroidManifest.xml:37:9-41:19
189            android:name="com.google.firebase.components.ComponentDiscoveryService"
189-->[:firebase_messaging] AndroidManifest.xml:37:18-89
190            android:directBootAware="true"
190-->[com.google.firebase:firebase-common:20.3.2] AndroidManifest.xml:34:13-43
191            android:exported="false" >
191-->[com.google.firebase:firebase-auth:22.0.0] AndroidManifest.xml:68:13-37
192            <meta-data
192-->[:firebase_messaging] AndroidManifest.xml:38:13-40:85
193                android:name="com.google.firebase.components:io.flutter.plugins.firebase.messaging.FlutterFirebaseAppRegistrar"
193-->[:firebase_messaging] AndroidManifest.xml:39:17-128
194                android:value="com.google.firebase.components.ComponentRegistrar" />
194-->[:firebase_messaging] AndroidManifest.xml:40:17-82
195            <meta-data
195-->[:cloud_firestore] AndroidManifest.xml:11:13-13:85
196                android:name="com.google.firebase.components:io.flutter.plugins.firebase.firestore.FlutterFirebaseFirestoreRegistrar"
196-->[:cloud_firestore] AndroidManifest.xml:12:17-134
197                android:value="com.google.firebase.components.ComponentRegistrar" />
197-->[:cloud_firestore] AndroidManifest.xml:13:17-82
198            <meta-data
198-->[:firebase_auth] AndroidManifest.xml:11:13-13:85
199                android:name="com.google.firebase.components:io.flutter.plugins.firebase.auth.FlutterFirebaseAuthRegistrar"
199-->[:firebase_auth] AndroidManifest.xml:12:17-124
200                android:value="com.google.firebase.components.ComponentRegistrar" />
200-->[:firebase_auth] AndroidManifest.xml:13:17-82
201            <meta-data
201-->[:firebase_storage] AndroidManifest.xml:11:13-13:85
202                android:name="com.google.firebase.components:io.flutter.plugins.firebase.storage.FlutterFirebaseAppRegistrar"
202-->[:firebase_storage] AndroidManifest.xml:12:17-126
203                android:value="com.google.firebase.components.ComponentRegistrar" />
203-->[:firebase_storage] AndroidManifest.xml:13:17-82
204            <meta-data
204-->[:firebase_core] AndroidManifest.xml:11:13-13:85
205                android:name="com.google.firebase.components:io.flutter.plugins.firebase.core.FlutterFirebaseCoreRegistrar"
205-->[:firebase_core] AndroidManifest.xml:12:17-124
206                android:value="com.google.firebase.components.ComponentRegistrar" />
206-->[:firebase_core] AndroidManifest.xml:13:17-82
207            <meta-data
207-->[com.google.firebase:firebase-auth:22.0.0] AndroidManifest.xml:69:13-71:85
208                android:name="com.google.firebase.components:com.google.firebase.auth.FirebaseAuthRegistrar"
208-->[com.google.firebase:firebase-auth:22.0.0] AndroidManifest.xml:70:17-109
209                android:value="com.google.firebase.components.ComponentRegistrar" />
209-->[com.google.firebase:firebase-auth:22.0.0] AndroidManifest.xml:71:17-82
210            <meta-data
210-->[com.google.firebase:firebase-messaging:23.1.2] AndroidManifest.xml:55:13-57:85
211                android:name="com.google.firebase.components:com.google.firebase.messaging.FirebaseMessagingRegistrar"
211-->[com.google.firebase:firebase-messaging:23.1.2] AndroidManifest.xml:56:17-119
212                android:value="com.google.firebase.components.ComponentRegistrar" />
212-->[com.google.firebase:firebase-messaging:23.1.2] AndroidManifest.xml:57:17-82
213            <meta-data
213-->[com.google.firebase:firebase-firestore:24.6.0] AndroidManifest.xml:19:13-21:85
214                android:name="com.google.firebase.components:com.google.firebase.firestore.FirestoreRegistrar"
214-->[com.google.firebase:firebase-firestore:24.6.0] AndroidManifest.xml:20:17-111
215                android:value="com.google.firebase.components.ComponentRegistrar" />
215-->[com.google.firebase:firebase-firestore:24.6.0] AndroidManifest.xml:21:17-82
216            <meta-data
216-->[com.google.firebase:firebase-storage:20.2.0] AndroidManifest.xml:32:13-34:85
217                android:name="com.google.firebase.components:com.google.firebase.storage.StorageRegistrar"
217-->[com.google.firebase:firebase-storage:20.2.0] AndroidManifest.xml:33:17-107
218                android:value="com.google.firebase.components.ComponentRegistrar" />
218-->[com.google.firebase:firebase-storage:20.2.0] AndroidManifest.xml:34:17-82
219            <meta-data
219-->[com.google.firebase:firebase-iid:21.1.0] AndroidManifest.xml:32:13-34:85
220                android:name="com.google.firebase.components:com.google.firebase.iid.Registrar"
220-->[com.google.firebase:firebase-iid:21.1.0] AndroidManifest.xml:33:17-96
221                android:value="com.google.firebase.components.ComponentRegistrar" />
221-->[com.google.firebase:firebase-iid:21.1.0] AndroidManifest.xml:34:17-82
222            <meta-data
222-->[com.google.android.gms:play-services-measurement-api:21.2.2] AndroidManifest.xml:31:13-33:85
223                android:name="com.google.firebase.components:com.google.firebase.analytics.connector.internal.AnalyticsConnectorRegistrar"
223-->[com.google.android.gms:play-services-measurement-api:21.2.2] AndroidManifest.xml:32:17-139
224                android:value="com.google.firebase.components.ComponentRegistrar" />
224-->[com.google.android.gms:play-services-measurement-api:21.2.2] AndroidManifest.xml:33:17-82
225            <meta-data
225-->[com.google.firebase:firebase-datatransport:18.1.7] AndroidManifest.xml:27:13-29:85
226                android:name="com.google.firebase.components:com.google.firebase.datatransport.TransportRegistrar"
226-->[com.google.firebase:firebase-datatransport:18.1.7] AndroidManifest.xml:28:17-115
227                android:value="com.google.firebase.components.ComponentRegistrar" />
227-->[com.google.firebase:firebase-datatransport:18.1.7] AndroidManifest.xml:29:17-82
228            <meta-data
228-->[com.google.firebase:firebase-installations:17.1.3] AndroidManifest.xml:17:13-19:85
229                android:name="com.google.firebase.components:com.google.firebase.installations.FirebaseInstallationsRegistrar"
229-->[com.google.firebase:firebase-installations:17.1.3] AndroidManifest.xml:18:17-127
230                android:value="com.google.firebase.components.ComponentRegistrar" />
230-->[com.google.firebase:firebase-installations:17.1.3] AndroidManifest.xml:19:17-82
231        </service>
232
233        <provider
233-->[:firebase_messaging] AndroidManifest.xml:43:9-47:38
234            android:name="io.flutter.plugins.firebase.messaging.FlutterFirebaseMessagingInitProvider"
234-->[:firebase_messaging] AndroidManifest.xml:44:13-102
235            android:authorities="com.uct.ebd.flutterfirebasemessaginginitprovider"
235-->[:firebase_messaging] AndroidManifest.xml:45:13-88
236            android:exported="false"
236-->[:firebase_messaging] AndroidManifest.xml:46:13-37
237            android:initOrder="99" />
237-->[:firebase_messaging] AndroidManifest.xml:47:13-35
238        <provider
238-->[:image_picker_android] AndroidManifest.xml:10:9-18:20
239            android:name="io.flutter.plugins.imagepicker.ImagePickerFileProvider"
239-->[:image_picker_android] AndroidManifest.xml:11:13-82
240            android:authorities="com.uct.ebd.flutter.image_provider"
240-->[:image_picker_android] AndroidManifest.xml:12:13-74
241            android:exported="false"
241-->[:image_picker_android] AndroidManifest.xml:13:13-37
242            android:grantUriPermissions="true" >
242-->[:image_picker_android] AndroidManifest.xml:14:13-47
243            <meta-data
243-->[:image_picker_android] AndroidManifest.xml:15:13-17:75
244                android:name="android.support.FILE_PROVIDER_PATHS"
244-->[:image_picker_android] AndroidManifest.xml:16:17-67
245                android:resource="@xml/flutter_image_picker_file_paths" />
245-->[:image_picker_android] AndroidManifest.xml:17:17-72
246        </provider>
247
248        <activity
248-->[:url_launcher_android] AndroidManifest.xml:10:9-13:74
249            android:name="io.flutter.plugins.urllauncher.WebViewActivity"
249-->[:url_launcher_android] AndroidManifest.xml:11:13-74
250            android:exported="false"
250-->[:url_launcher_android] AndroidManifest.xml:12:13-37
251            android:theme="@android:style/Theme.NoTitleBar.Fullscreen" />
251-->[:url_launcher_android] AndroidManifest.xml:13:13-71
252        <activity
252-->[com.google.firebase:firebase-auth:22.0.0] AndroidManifest.xml:29:9-46:20
253            android:name="com.google.firebase.auth.internal.GenericIdpActivity"
253-->[com.google.firebase:firebase-auth:22.0.0] AndroidManifest.xml:30:13-80
254            android:excludeFromRecents="true"
254-->[com.google.firebase:firebase-auth:22.0.0] AndroidManifest.xml:31:13-46
255            android:exported="true"
255-->[com.google.firebase:firebase-auth:22.0.0] AndroidManifest.xml:32:13-36
256            android:launchMode="singleTask"
256-->[com.google.firebase:firebase-auth:22.0.0] AndroidManifest.xml:33:13-44
257            android:theme="@android:style/Theme.Translucent.NoTitleBar" >
257-->[com.google.firebase:firebase-auth:22.0.0] AndroidManifest.xml:34:13-72
258            <intent-filter>
258-->[com.google.firebase:firebase-auth:22.0.0] AndroidManifest.xml:35:13-45:29
259                <action android:name="android.intent.action.VIEW" />
259-->src\main\AndroidManifest.xml:16:13-65
259-->src\main\AndroidManifest.xml:16:21-62
260
261                <category android:name="android.intent.category.DEFAULT" />
261-->[com.google.firebase:firebase-auth:22.0.0] AndroidManifest.xml:38:17-76
261-->[com.google.firebase:firebase-auth:22.0.0] AndroidManifest.xml:38:27-73
262                <category android:name="android.intent.category.BROWSABLE" />
262-->[com.google.firebase:firebase-auth:22.0.0] AndroidManifest.xml:39:17-78
262-->[com.google.firebase:firebase-auth:22.0.0] AndroidManifest.xml:39:27-75
263
264                <data
264-->src\main\AndroidManifest.xml:17:13-44
265                    android:host="firebase.auth"
266                    android:path="/"
267                    android:scheme="genericidp" />
267-->src\main\AndroidManifest.xml:17:19-41
268            </intent-filter>
269        </activity>
270        <activity
270-->[com.google.firebase:firebase-auth:22.0.0] AndroidManifest.xml:47:9-64:20
271            android:name="com.google.firebase.auth.internal.RecaptchaActivity"
271-->[com.google.firebase:firebase-auth:22.0.0] AndroidManifest.xml:48:13-79
272            android:excludeFromRecents="true"
272-->[com.google.firebase:firebase-auth:22.0.0] AndroidManifest.xml:49:13-46
273            android:exported="true"
273-->[com.google.firebase:firebase-auth:22.0.0] AndroidManifest.xml:50:13-36
274            android:launchMode="singleTask"
274-->[com.google.firebase:firebase-auth:22.0.0] AndroidManifest.xml:51:13-44
275            android:theme="@android:style/Theme.Translucent.NoTitleBar" >
275-->[com.google.firebase:firebase-auth:22.0.0] AndroidManifest.xml:52:13-72
276            <intent-filter>
276-->[com.google.firebase:firebase-auth:22.0.0] AndroidManifest.xml:53:13-63:29
277                <action android:name="android.intent.action.VIEW" />
277-->src\main\AndroidManifest.xml:16:13-65
277-->src\main\AndroidManifest.xml:16:21-62
278
279                <category android:name="android.intent.category.DEFAULT" />
279-->[com.google.firebase:firebase-auth:22.0.0] AndroidManifest.xml:38:17-76
279-->[com.google.firebase:firebase-auth:22.0.0] AndroidManifest.xml:38:27-73
280                <category android:name="android.intent.category.BROWSABLE" />
280-->[com.google.firebase:firebase-auth:22.0.0] AndroidManifest.xml:39:17-78
280-->[com.google.firebase:firebase-auth:22.0.0] AndroidManifest.xml:39:27-75
281
282                <data
282-->src\main\AndroidManifest.xml:17:13-44
283                    android:host="firebase.auth"
284                    android:path="/"
285                    android:scheme="recaptcha" />
285-->src\main\AndroidManifest.xml:17:19-41
286            </intent-filter>
287        </activity>
288        <activity android:name="com.facebook.CustomTabMainActivity" /> <!-- Needs to be explicitly declared on P+ -->
288-->[com.facebook.android:facebook-common:16.3.0] AndroidManifest.xml:26:9-71
288-->[com.facebook.android:facebook-common:16.3.0] AndroidManifest.xml:26:19-68
289        <uses-library
289-->[com.google.android.gms:play-services-maps:18.1.0] AndroidManifest.xml:39:9-41:40
290            android:name="org.apache.http.legacy"
290-->[com.google.android.gms:play-services-maps:18.1.0] AndroidManifest.xml:40:13-50
291            android:required="false" />
291-->[com.google.android.gms:play-services-maps:18.1.0] AndroidManifest.xml:41:13-37
292
293        <activity
293-->[com.google.android.gms:play-services-auth:20.6.0] AndroidManifest.xml:23:9-27:75
294            android:name="com.google.android.gms.auth.api.signin.internal.SignInHubActivity"
294-->[com.google.android.gms:play-services-auth:20.6.0] AndroidManifest.xml:24:13-93
295            android:excludeFromRecents="true"
295-->[com.google.android.gms:play-services-auth:20.6.0] AndroidManifest.xml:25:13-46
296            android:exported="false"
296-->[com.google.android.gms:play-services-auth:20.6.0] AndroidManifest.xml:26:13-37
297            android:theme="@android:style/Theme.Translucent.NoTitleBar" />
297-->[com.google.android.gms:play-services-auth:20.6.0] AndroidManifest.xml:27:13-72
298        <!--
299            Service handling Google Sign-In user revocation. For apps that do not integrate with
300            Google Sign-In, this service will never be started.
301        -->
302        <service
302-->[com.google.android.gms:play-services-auth:20.6.0] AndroidManifest.xml:33:9-37:51
303            android:name="com.google.android.gms.auth.api.signin.RevocationBoundService"
303-->[com.google.android.gms:play-services-auth:20.6.0] AndroidManifest.xml:34:13-89
304            android:exported="true"